<?xml version="1.0" encoding="UTF-8"?>
<testsuite name="org.hyperskill.calculator.tip.ExampleUnitTest" tests="8" skipped="0" failures="0" errors="0" timestamp="2021-02-25T10:07:01" hostname="DESKTOP-HM93S0T" time="14.432">
  <properties/>
  <testcase name="testShouldCheckSliderListenerLast" classname="org.hyperskill.calculator.tip.ExampleUnitTest" time="10.62"/>
  <testcase name="testShouldCheckEditTextListenerFirst" classname="org.hyperskill.calculator.tip.ExampleUnitTest" time="0.633"/>
  <testcase name="testShouldCheckTextViewExist" classname="org.hyperskill.calculator.tip.ExampleUnitTest" time="0.525"/>
  <testcase name="testShouldCheckSliderExist" classname="org.hyperskill.calculator.tip.ExampleUnitTest" time="0.457"/>
  <testcase name="testShouldCheckSliderListenerFirst" classname="org.hyperskill.calculator.tip.ExampleUnitTest" time="0.615"/>
  <testcase name="testShouldCheckEditTextExist" classname="org.hyperskill.calculator.tip.ExampleUnitTest" time="0.561"/>
  <testcase name="testShouldCheckEditTextListenerLast" classname="org.hyperskill.calculator.tip.ExampleUnitTest" time="0.571"/>
  <testcase name="testShouldCheckLongJustForFun" classname="org.hyperskill.calculator.tip.ExampleUnitTest" time="0.449"/>
  <system-out><![CDATA[[Robolectric] org.hyperskill.calculator.tip.ExampleUnitTest.testShouldCheckSliderListenerLast: sdk=28; resources=BINARY
Called loadFromPath(/system/framework/framework-res.apk, true); mode=binary sdk=28
[Robolectric] org.hyperskill.calculator.tip.ExampleUnitTest.testShouldCheckEditTextListenerFirst: sdk=28; resources=BINARY
[Robolectric] org.hyperskill.calculator.tip.ExampleUnitTest.testShouldCheckTextViewExist: sdk=28; resources=BINARY
[Robolectric] org.hyperskill.calculator.tip.ExampleUnitTest.testShouldCheckSliderExist: sdk=28; resources=BINARY
[Robolectric] org.hyperskill.calculator.tip.ExampleUnitTest.testShouldCheckSliderListenerFirst: sdk=28; resources=BINARY
[Robolectric] org.hyperskill.calculator.tip.ExampleUnitTest.testShouldCheckEditTextExist: sdk=28; resources=BINARY
[Robolectric] org.hyperskill.calculator.tip.ExampleUnitTest.testShouldCheckEditTextListenerLast: sdk=28; resources=BINARY
[Robolectric] org.hyperskill.calculator.tip.ExampleUnitTest.testShouldCheckLongJustForFun: sdk=28; resources=BINARY
]]></system-out>
  <system-err><![CDATA[[Robolectric] WARN: Android SDK 29 requires Java 9 (have Java 8). Tests won't be run on SDK 29 unless explicitly requested.
]]></system-err>
</testsuite>
